<?xml version='1.0' encoding='UTF-8'?>
<testsuite hostname="Riks-MacBook-Pro" name="uk.co.rc418.sap.compiler.lexer.LexerSpec" tests="15" errors="0" failures="0" time="0.111">
                     <properties>
[...]
</properties>
                     <testcase classname="uk.co.rc418.sap.compiler.lexer.LexerSpec" name="Lexer when passed valid token should LABEL return LABEL" time="0.092">
                                                 
                                               </testcase><testcase classname="uk.co.rc418.sap.compiler.lexer.LexerSpec" name="Lexer when passed valid token should GOTO return GOTO" time="0.001">
                                                 
                                               </testcase><testcase classname="uk.co.rc418.sap.compiler.lexer.LexerSpec" name="Lexer when passed valid token should OUTPUT return OUTPUT" time="0.001">
                                                 
                                               </testcase><testcase classname="uk.co.rc418.sap.compiler.lexer.LexerSpec" name="Lexer when passed valid token should LET return let" time="0.001">
                                                 
                                               </testcase><testcase classname="uk.co.rc418.sap.compiler.lexer.LexerSpec" name="Lexer when passed valid token should HALT return HALT" time="0.001">
                                                 
                                               </testcase><testcase classname="uk.co.rc418.sap.compiler.lexer.LexerSpec" name="Lexer when passed valid token should = return EQUALS" time="0.001">
                                                 
                                               </testcase><testcase classname="uk.co.rc418.sap.compiler.lexer.LexerSpec" name="Lexer when passed valid token should + return PLUS" time="0.001">
                                                 
                                               </testcase><testcase classname="uk.co.rc418.sap.compiler.lexer.LexerSpec" name="Lexer when passed valid token should - return MINUS" time="0.001">
                                                 
                                               </testcase><testcase classname="uk.co.rc418.sap.compiler.lexer.LexerSpec" name="Lexer when passed valid token should \n return NEWLINE" time="0.001">
                                                 
                                               </testcase><testcase classname="uk.co.rc418.sap.compiler.lexer.LexerSpec" name="Lexer when passed valid token should 42 return NUMBER" time="0.001">
                                                 
                                               </testcase><testcase classname="uk.co.rc418.sap.compiler.lexer.LexerSpec" name="Lexer when passed valid token should large numbers error" time="0.002">
                                                 
                                               </testcase><testcase classname="uk.co.rc418.sap.compiler.lexer.LexerSpec" name="Lexer when passed valid token should an identifier return IDENTIFIER" time="0.001">
                                                 
                                               </testcase><testcase classname="uk.co.rc418.sap.compiler.lexer.LexerSpec" name="Lexer when passed an invalid token should error" time="0.001">
                                                 
                                               </testcase><testcase classname="uk.co.rc418.sap.compiler.lexer.LexerSpec" name="Lexer when passed valid tokens should in correct order" time="0.003">
                                                 
                                               </testcase><testcase classname="uk.co.rc418.sap.compiler.lexer.LexerSpec" name="Lexer when passed valid tokens should in invalid order" time="0.003">
                                                 
                                               </testcase>
                     <system-out></system-out>
                     <system-err></system-err>
                   </testsuite>